node4
[M::mp_idx_restore@2.003*0.73] loaded the index
[M::mp_mapopt_set_max_intron] set max intron size to 107183
[M::mp_idx_print_stat] 2384762 distinct k-mers; mean occ of infrequent k-mers: 156.41; 114 frequent k-mers accounting for 3956601 occurrences
[M::worker_pipeline::7.334*34.28] mapped 3769 sequences
[M::worker_pipeline::13.065*36.19] mapped 3609 sequences
[M::worker_pipeline::17.345*39.42] mapped 3618 sequences
[M::worker_pipeline::23.015*39.19] mapped 3652 sequences
[M::worker_pipeline::27.363*40.46] mapped 3635 sequences
[M::worker_pipeline::31.653*41.05] mapped 3650 sequences
[M::worker_pipeline::36.885*42.19] mapped 3707 sequences
[M::worker_pipeline::43.822*42.97] mapped 3910 sequences
[M::worker_pipeline::50.894*43.61] mapped 3879 sequences
[M::worker_pipeline::57.798*43.93] mapped 3919 sequences
[M::worker_pipeline::65.697*44.04] mapped 3904 sequences
[M::worker_pipeline::75.119*42.90] mapped 3863 sequences
[M::worker_pipeline::80.847*43.33] mapped 3669 sequences
[M::worker_pipeline::93.620*40.19] mapped 3690 sequences
[M::worker_pipeline::98.561*40.72] mapped 3601 sequences
[M::worker_pipeline::103.364*41.18] mapped 3574 sequences
[M::worker_pipeline::107.417*41.58] mapped 3621 sequences
[M::worker_pipeline::112.462*41.84] mapped 3486 sequences
[M::worker_pipeline::116.426*42.09] mapped 3649 sequences
[M::worker_pipeline::122.324*42.49] mapped 3731 sequences
[M::worker_pipeline::126.909*42.82] mapped 3579 sequences
[M::worker_pipeline::131.806*43.09] mapped 3494 sequences
[M::worker_pipeline::136.560*43.28] mapped 3607 sequences
[M::worker_pipeline::147.360*41.78] mapped 3488 sequences
[M::worker_pipeline::152.167*41.83] mapped 3657 sequences
[M::worker_pipeline::169.506*38.88] mapped 3487 sequences
[M::worker_pipeline::197.333*35.54] mapped 3738 sequences
[M::worker_pipeline::204.899*36.08] mapped 3587 sequences
[M::worker_pipeline::215.939*35.74] mapped 3631 sequences
[M::worker_pipeline::224.475*35.80] mapped 3527 sequences
[M::worker_pipeline::230.873*36.21] mapped 3612 sequences
[M::worker_pipeline::237.638*36.41] mapped 3471 sequences
[M::worker_pipeline::244.506*36.57] mapped 3486 sequences
[M::worker_pipeline::251.960*36.61] mapped 3626 sequences
[M::worker_pipeline::256.887*36.87] mapped 3657 sequences
[M::worker_pipeline::262.708*37.03] mapped 3616 sequences
[M::worker_pipeline::268.423*37.23] mapped 3573 sequences
[M::worker_pipeline::280.677*36.73] mapped 3617 sequences
[M::worker_pipeline::286.400*37.02] mapped 3522 sequences
[M::worker_pipeline::293.018*37.29] mapped 4292 sequences
[M::worker_pipeline::297.519*37.54] mapped 4795 sequences
[M::worker_pipeline::301.594*37.74] mapped 4665 sequences
[M::worker_pipeline::307.292*37.98] mapped 4735 sequences
[M::worker_pipeline::311.705*38.15] mapped 4712 sequences
[M::worker_pipeline::316.571*38.31] mapped 3833 sequences
[M::worker_pipeline::322.728*38.25] mapped 3634 sequences
[M::worker_pipeline::327.451*38.38] mapped 3514 sequences
[M::worker_pipeline::333.258*38.34] mapped 3444 sequences
[M::worker_pipeline::337.475*38.41] mapped 3489 sequences
[M::worker_pipeline::340.867*38.49] mapped 3453 sequences
[M::worker_pipeline::348.692*38.47] mapped 4065 sequences
[M::worker_pipeline::357.790*38.65] mapped 3855 sequences
[M::worker_pipeline::367.679*38.56] mapped 3721 sequences
[M::worker_pipeline::379.008*38.61] mapped 6016 sequences
[M::worker_pipeline::388.601*38.60] mapped 3864 sequences
[M::worker_pipeline::396.904*38.70] mapped 3936 sequences
[M::worker_pipeline::405.338*38.74] mapped 3975 sequences
[M::worker_pipeline::411.855*38.95] mapped 4269 sequences
[M::worker_pipeline::420.846*38.91] mapped 3617 sequences
[M::worker_pipeline::427.713*38.99] mapped 3594 sequences
[M::worker_pipeline::437.022*38.83] mapped 3457 sequences
[M::worker_pipeline::446.294*38.76] mapped 3573 sequences
[M::worker_pipeline::455.946*38.66] mapped 3733 sequences
[M::worker_pipeline::460.388*38.77] mapped 3567 sequences
[M::worker_pipeline::464.789*38.84] mapped 3358 sequences
[M::worker_pipeline::471.196*38.74] mapped 3337 sequences
[M::worker_pipeline::475.401*38.84] mapped 3380 sequences
[M::worker_pipeline::481.154*38.90] mapped 3821 sequences
[M::worker_pipeline::485.742*39.00] mapped 4239 sequences
[M::worker_pipeline::488.362*39.08] mapped 3848 sequences
[M::worker_pipeline::492.579*39.07] mapped 3953 sequences
[M::worker_pipeline::495.741*39.14] mapped 3858 sequences
[M::worker_pipeline::499.179*39.22] mapped 4062 sequences
[M::worker_pipeline::509.790*38.79] mapped 3401 sequences
[M::worker_pipeline::515.232*38.86] mapped 3657 sequences
[M::worker_pipeline::519.588*38.94] mapped 3664 sequences
[M::worker_pipeline::524.745*39.00] mapped 3748 sequences
[M::worker_pipeline::540.057*38.35] mapped 3572 sequences
[M::worker_pipeline::543.969*38.42] mapped 3603 sequences
[M::worker_pipeline::546.391*38.49] mapped 3718 sequences
[M::worker_pipeline::548.939*38.54] mapped 3735 sequences
[M::worker_pipeline::551.892*38.59] mapped 3702 sequences
[M::worker_pipeline::555.447*38.62] mapped 3704 sequences
[M::worker_pipeline::559.913*38.65] mapped 4860 sequences
[M::worker_pipeline::568.360*38.63] mapped 3740 sequences
[M::worker_pipeline::580.454*38.48] mapped 3589 sequences
[M::worker_pipeline::593.184*38.51] mapped 3670 sequences
[M::worker_pipeline::600.288*38.60] mapped 3590 sequences
[M::worker_pipeline::607.498*38.74] mapped 3560 sequences
[M::worker_pipeline::613.938*38.90] mapped 3562 sequences
[M::worker_pipeline::620.751*38.97] mapped 3546 sequences
[M::worker_pipeline::635.440*38.48] mapped 3434 sequences
[M::worker_pipeline::640.391*38.57] mapped 3588 sequences
[M::worker_pipeline::644.882*38.67] mapped 3683 sequences
[M::worker_pipeline::649.235*38.71] mapped 3661 sequences
[M::worker_pipeline::655.440*38.77] mapped 3707 sequences
[M::worker_pipeline::660.974*38.83] mapped 3781 sequences
[M::worker_pipeline::666.442*38.88] mapped 3635 sequences
[M::worker_pipeline::673.172*38.91] mapped 3756 sequences
[M::worker_pipeline::679.274*38.99] mapped 3535 sequences
[M::worker_pipeline::687.677*39.00] mapped 3695 sequences
[M::worker_pipeline::695.830*38.98] mapped 3537 sequences
[M::worker_pipeline::703.412*39.02] mapped 3571 sequences
[M::worker_pipeline::710.502*39.13] mapped 3426 sequences
[M::worker_pipeline::717.829*39.28] mapped 4113 sequences
[M::worker_pipeline::724.962*39.35] mapped 4183 sequences
[M::worker_pipeline::730.256*39.40] mapped 3457 sequences
[M::worker_pipeline::739.516*39.16] mapped 2595 sequences
[M::worker_pipeline::744.402*39.11] mapped 2733 sequences
[M::worker_pipeline::749.121*39.15] mapped 3204 sequences
[M::worker_pipeline::754.172*39.15] mapped 2792 sequences
[M::worker_pipeline::763.205*38.89] mapped 2667 sequences
[M::worker_pipeline::767.057*38.91] mapped 2789 sequences
[M::worker_pipeline::771.779*38.94] mapped 2943 sequences
[M::worker_pipeline::775.098*38.99] mapped 2968 sequences
[M::worker_pipeline::781.740*39.01] mapped 3150 sequences
[M::worker_pipeline::785.608*39.03] mapped 2753 sequences
[M::worker_pipeline::803.253*38.65] mapped 2543 sequences
[M::worker_pipeline::807.780*38.64] mapped 2743 sequences
[M::worker_pipeline::815.653*38.60] mapped 3091 sequences
[M::worker_pipeline::822.575*38.52] mapped 2698 sequences
[M::worker_pipeline::825.788*38.54] mapped 3565 sequences
[M::worker_pipeline::827.879*38.57] mapped 4120 sequences
[M::worker_pipeline::830.309*38.58] mapped 4107 sequences
[M::worker_pipeline::833.081*38.59] mapped 3965 sequences
[M::worker_pipeline::836.695*38.59] mapped 2682 sequences
[M::worker_pipeline::840.644*38.63] mapped 2823 sequences
[M::worker_pipeline::843.939*38.64] mapped 2580 sequences
[M::worker_pipeline::848.121*38.66] mapped 3044 sequences
[M::worker_pipeline::856.561*38.54] mapped 3013 sequences
[M::worker_pipeline::863.061*38.44] mapped 2781 sequences
[M::worker_pipeline::866.811*38.44] mapped 2988 sequences
[M::worker_pipeline::874.139*38.23] mapped 3425 sequences
[M::worker_pipeline::878.782*38.16] mapped 3661 sequences
[M::worker_pipeline::881.097*38.19] mapped 3380 sequences
[M::worker_pipeline::883.559*38.21] mapped 3452 sequences
[M::worker_pipeline::886.019*38.21] mapped 3287 sequences
[M::worker_pipeline::890.206*38.15] mapped 3067 sequences
[M::worker_pipeline::895.969*38.08] mapped 2536 sequences
[M::worker_pipeline::899.948*38.08] mapped 2343 sequences
[M::worker_pipeline::903.482*38.10] mapped 2276 sequences
[M::worker_pipeline::918.789*37.65] mapped 2139 sequences
[M::worker_pipeline::920.511*37.65] mapped 1648 sequences
[M::main] Version: 0.12-r237
[M::main] CMD: miniprot -I -t 64 --gff ref.mpi /fast3/group_crf/home/cuirf/goby_flye/Oxyeleotris_marmorata/annotation/prot_evidences/all.prot.fa
[M::main] Real time: 920.958 sec; CPU: 34654.535 sec; Peak RSS: 20.027 GB
